<?xml version="1.0" encoding="UTF-8"?>
<!-- Generated by org.testng.reporters.JUnitReportReporter -->
<testsuite skipped="0" hostname="LAPTOP-UJPDH0NO" name="testcases.Testcase_Login" tests="1" failures="0" timestamp="16 Nov 2019 19:13:48 GMT" time="14.456" errors="0">
  <testcase name="login" time="14.456" classname="testcases.Testcase_Login"/>
</testsuite> <!-- testcases.Testcase_Login -->
